21-Nov-2024 15:58:59.305 정보 [main] org.apache.catalina.startup.VersionLoggerListener.log 서버 버전 이름:    Apache Tomcat/10.1.33
21-Nov-2024 15:58:59.309 정보 [main] org.apache.catalina.startup.VersionLoggerListener.log Server 빌드 시각:  Nov 7 2024 22:28:55 UTC
21-Nov-2024 15:58:59.309 정보 [main] org.apache.catalina.startup.VersionLoggerListener.log Server 버전 번호:  10.1.33.0
21-Nov-2024 15:58:59.309 정보 [main] org.apache.catalina.startup.VersionLoggerListener.log 운영체제 이름:     Windows 11
21-Nov-2024 15:58:59.309 정보 [main] org.apache.catalina.startup.VersionLoggerListener.log 운영체제 버전:     10.0
21-Nov-2024 15:58:59.310 정보 [main] org.apache.catalina.startup.VersionLoggerListener.log 아키텍처:          amd64
21-Nov-2024 15:58:59.310 정보 [main] org.apache.catalina.startup.VersionLoggerListener.log 자바 홈:           C:\Users\choi9\.jdks\corretto-17.0.13
21-Nov-2024 15:58:59.310 정보 [main] org.apache.catalina.startup.VersionLoggerListener.log JVM 버전:          17.0.13+11-LTS
21-Nov-2024 15:58:59.310 정보 [main] org.apache.catalina.startup.VersionLoggerListener.log JVM 벤더:          Amazon.com Inc.
21-Nov-2024 15:58:59.310 정보 [main] org.apache.catalina.startup.VersionLoggerListener.log CATALINA_BASE:     C:\Work\jsp_project\jsp_board
21-Nov-2024 15:58:59.310 정보 [main] org.apache.catalina.startup.VersionLoggerListener.log CATALINA_HOME:     C:\Work\apache-tomcat-10.1.33
21-Nov-2024 15:58:59.322 정보 [main] org.apache.catalina.startup.VersionLoggerListener.log 명령 행 아규먼트:  --add-opens=java.base/java.lang=ALL-UNNAMED
21-Nov-2024 15:58:59.322 정보 [main] org.apache.catalina.startup.VersionLoggerListener.log 명령 행 아규먼트:  --add-opens=java.base/java.io=ALL-UNNAMED
21-Nov-2024 15:58:59.322 정보 [main] org.apache.catalina.startup.VersionLoggerListener.log 명령 행 아규먼트:  --add-opens=java.base/java.util=ALL-UNNAMED
21-Nov-2024 15:58:59.322 정보 [main] org.apache.catalina.startup.VersionLoggerListener.log 명령 행 아규먼트:  --add-opens=java.base/java.util.concurrent=ALL-UNNAMED
21-Nov-2024 15:58:59.322 정보 [main] org.apache.catalina.startup.VersionLoggerListener.log 명령 행 아규먼트:  --add-opens=java.rmi/sun.rmi.transport=ALL-UNNAMED
21-Nov-2024 15:58:59.322 정보 [main] org.apache.catalina.startup.VersionLoggerListener.log 명령 행 아규먼트:  -Dcatalina.home=C:\Work\apache-tomcat-10.1.33
21-Nov-2024 15:58:59.322 정보 [main] org.apache.catalina.startup.VersionLoggerListener.log 명령 행 아규먼트:  -Dcatalina.base=C:\Work\jsp_project\jsp_board
21-Nov-2024 15:58:59.322 정보 [main] org.apache.catalina.startup.VersionLoggerListener.log 명령 행 아규먼트:  -Djava.io.tmpdir=C:\Work\jsp_project\jsp_board\temp
21-Nov-2024 15:58:59.322 정보 [main] org.apache.catalina.startup.VersionLoggerListener.log 명령 행 아규먼트:  -Djava.util.logging.config.file=C:\Work\jsp_project\jsp_board\conf\logging.properties
21-Nov-2024 15:58:59.323 정보 [main] org.apache.catalina.startup.VersionLoggerListener.log 명령 행 아규먼트:  -Djava.util.logging.manager=org.apache.juli.ClassLoaderLogManager
21-Nov-2024 15:58:59.323 정보 [main] org.apache.catalina.startup.VersionLoggerListener.log 명령 행 아규먼트:  -javaagent:C:\Program Files\JetBrains\IntelliJ IDEA Community Edition 2024.1.5\lib\idea_rt.jar=51725:C:\Program Files\JetBrains\IntelliJ IDEA Community Edition 2024.1.5\bin
21-Nov-2024 15:58:59.323 정보 [main] org.apache.catalina.startup.VersionLoggerListener.log 명령 행 아규먼트:  -Dfile.encoding=UTF-8
21-Nov-2024 15:58:59.325 정보 [main] org.apache.catalina.core.AprLifecycleListener.lifecycleEvent APR 버전 [1.7.4]을(를) 사용한, APR 기반 Apache Tomcat Native 라이브러리 [2.0.8]을(를) 로드했습니다.
21-Nov-2024 15:58:59.333 정보 [main] org.apache.catalina.core.AprLifecycleListener.initializeSSL OpenSSL이 성공적으로 초기화되었습니다: [OpenSSL 3.0.14 4 Jun 2024]
21-Nov-2024 15:58:59.501 정보 [main] org.apache.coyote.AbstractProtocol.init 프로토콜 핸들러 ["http-nio-8080"]을(를) 초기화합니다.
21-Nov-2024 15:58:59.513 정보 [main] org.apache.catalina.startup.Catalina.load [380] 밀리초 내에 서버가 초기화되었습니다.
21-Nov-2024 15:58:59.561 정보 [main] org.apache.catalina.core.StandardService.startInternal 서비스 [Catalina]을(를) 시작합니다.
21-Nov-2024 15:58:59.562 정보 [main] org.apache.catalina.core.StandardEngine.startInternal 서버 엔진을 시작합니다: [Apache Tomcat/10.1.33]
21-Nov-2024 15:58:59.573 정보 [main] org.apache.catalina.startup.HostConfig.deployDescriptor 배치 descriptor [C:\Work\jsp_project\jsp_board\conf\Catalina\localhost\ROOT.xml]을(를) 배치합니다.
21-Nov-2024 15:58:59.925 정보 [main] org.apache.catalina.startup.HostConfig.deployDescriptor 배치 descriptor [C:\Work\jsp_project\jsp_board\conf\Catalina\localhost\ROOT.xml]의 배치가 [352] 밀리초 내에 완료되었습니다.
21-Nov-2024 15:58:59.932 정보 [main] org.apache.coyote.AbstractProtocol.start 프로토콜 핸들러 ["http-nio-8080"]을(를) 시작합니다.
21-Nov-2024 15:58:59.977 정보 [main] org.apache.catalina.startup.Catalina.start 서버가 [462] 밀리초 내에 시작되었습니다.
21-Nov-2024 16:02:54.471 정보 [main] org.apache.catalina.startup.VersionLoggerListener.log 서버 버전 이름:    Apache Tomcat/10.1.33
21-Nov-2024 16:02:54.474 정보 [main] org.apache.catalina.startup.VersionLoggerListener.log Server 빌드 시각:  Nov 7 2024 22:28:55 UTC
21-Nov-2024 16:02:54.474 정보 [main] org.apache.catalina.startup.VersionLoggerListener.log Server 버전 번호:  10.1.33.0
21-Nov-2024 16:02:54.474 정보 [main] org.apache.catalina.startup.VersionLoggerListener.log 운영체제 이름:     Windows 11
21-Nov-2024 16:02:54.475 정보 [main] org.apache.catalina.startup.VersionLoggerListener.log 운영체제 버전:     10.0
21-Nov-2024 16:02:54.475 정보 [main] org.apache.catalina.startup.VersionLoggerListener.log 아키텍처:          amd64
21-Nov-2024 16:02:54.475 정보 [main] org.apache.catalina.startup.VersionLoggerListener.log 자바 홈:           C:\Users\choi9\.jdks\corretto-17.0.13
21-Nov-2024 16:02:54.475 정보 [main] org.apache.catalina.startup.VersionLoggerListener.log JVM 버전:          17.0.13+11-LTS
21-Nov-2024 16:02:54.475 정보 [main] org.apache.catalina.startup.VersionLoggerListener.log JVM 벤더:          Amazon.com Inc.
21-Nov-2024 16:02:54.475 정보 [main] org.apache.catalina.startup.VersionLoggerListener.log CATALINA_BASE:     C:\Work\jsp_project\jsp_board
21-Nov-2024 16:02:54.475 정보 [main] org.apache.catalina.startup.VersionLoggerListener.log CATALINA_HOME:     C:\Work\apache-tomcat-10.1.33
21-Nov-2024 16:02:54.481 정보 [main] org.apache.catalina.startup.VersionLoggerListener.log 명령 행 아규먼트:  --add-opens=java.base/java.lang=ALL-UNNAMED
21-Nov-2024 16:02:54.482 정보 [main] org.apache.catalina.startup.VersionLoggerListener.log 명령 행 아규먼트:  --add-opens=java.base/java.io=ALL-UNNAMED
21-Nov-2024 16:02:54.482 정보 [main] org.apache.catalina.startup.VersionLoggerListener.log 명령 행 아규먼트:  --add-opens=java.base/java.util=ALL-UNNAMED
21-Nov-2024 16:02:54.482 정보 [main] org.apache.catalina.startup.VersionLoggerListener.log 명령 행 아규먼트:  --add-opens=java.base/java.util.concurrent=ALL-UNNAMED
21-Nov-2024 16:02:54.482 정보 [main] org.apache.catalina.startup.VersionLoggerListener.log 명령 행 아규먼트:  --add-opens=java.rmi/sun.rmi.transport=ALL-UNNAMED
21-Nov-2024 16:02:54.482 정보 [main] org.apache.catalina.startup.VersionLoggerListener.log 명령 행 아규먼트:  -Dcatalina.home=C:\Work\apache-tomcat-10.1.33
21-Nov-2024 16:02:54.482 정보 [main] org.apache.catalina.startup.VersionLoggerListener.log 명령 행 아규먼트:  -Dcatalina.base=C:\Work\jsp_project\jsp_board
21-Nov-2024 16:02:54.482 정보 [main] org.apache.catalina.startup.VersionLoggerListener.log 명령 행 아규먼트:  -Djava.io.tmpdir=C:\Work\jsp_project\jsp_board\temp
21-Nov-2024 16:02:54.482 정보 [main] org.apache.catalina.startup.VersionLoggerListener.log 명령 행 아규먼트:  -Djava.util.logging.config.file=C:\Work\jsp_project\jsp_board\conf\logging.properties
21-Nov-2024 16:02:54.482 정보 [main] org.apache.catalina.startup.VersionLoggerListener.log 명령 행 아규먼트:  -Djava.util.logging.manager=org.apache.juli.ClassLoaderLogManager
21-Nov-2024 16:02:54.483 정보 [main] org.apache.catalina.startup.VersionLoggerListener.log 명령 행 아규먼트:  -javaagent:C:\Program Files\JetBrains\IntelliJ IDEA Community Edition 2024.1.5\lib\idea_rt.jar=52061:C:\Program Files\JetBrains\IntelliJ IDEA Community Edition 2024.1.5\bin
21-Nov-2024 16:02:54.483 정보 [main] org.apache.catalina.startup.VersionLoggerListener.log 명령 행 아규먼트:  -Dfile.encoding=UTF-8
21-Nov-2024 16:02:54.485 정보 [main] org.apache.catalina.core.AprLifecycleListener.lifecycleEvent APR 버전 [1.7.4]을(를) 사용한, APR 기반 Apache Tomcat Native 라이브러리 [2.0.8]을(를) 로드했습니다.
21-Nov-2024 16:02:54.490 정보 [main] org.apache.catalina.core.AprLifecycleListener.initializeSSL OpenSSL이 성공적으로 초기화되었습니다: [OpenSSL 3.0.14 4 Jun 2024]
21-Nov-2024 16:02:54.683 정보 [main] org.apache.coyote.AbstractProtocol.init 프로토콜 핸들러 ["http-nio-8080"]을(를) 초기화합니다.
21-Nov-2024 16:02:54.697 정보 [main] org.apache.catalina.startup.Catalina.load [398] 밀리초 내에 서버가 초기화되었습니다.
21-Nov-2024 16:02:54.732 정보 [main] org.apache.catalina.core.StandardService.startInternal 서비스 [Catalina]을(를) 시작합니다.
21-Nov-2024 16:02:54.732 정보 [main] org.apache.catalina.core.StandardEngine.startInternal 서버 엔진을 시작합니다: [Apache Tomcat/10.1.33]
21-Nov-2024 16:02:54.743 정보 [main] org.apache.catalina.startup.HostConfig.deployDescriptor 배치 descriptor [C:\Work\jsp_project\jsp_board\conf\Catalina\localhost\ROOT.xml]을(를) 배치합니다.
21-Nov-2024 16:02:55.040 정보 [main] org.apache.catalina.startup.HostConfig.deployDescriptor 배치 descriptor [C:\Work\jsp_project\jsp_board\conf\Catalina\localhost\ROOT.xml]의 배치가 [296] 밀리초 내에 완료되었습니다.
21-Nov-2024 16:02:55.047 정보 [main] org.apache.coyote.AbstractProtocol.start 프로토콜 핸들러 ["http-nio-8080"]을(를) 시작합니다.
21-Nov-2024 16:02:55.090 정보 [main] org.apache.catalina.startup.Catalina.start 서버가 [393] 밀리초 내에 시작되었습니다.
21-Nov-2024 16:21:44.522 정보 [Thread-1] org.apache.coyote.AbstractProtocol.pause 프로토콜 핸들러 ["http-nio-8080"]을(를) 일시 정지 중
21-Nov-2024 16:21:44.731 정보 [Thread-1] org.apache.catalina.core.StandardService.stopInternal 서비스 [Catalina]을(를) 중지시킵니다.
21-Nov-2024 16:21:44.738 정보 [Thread-1] org.apache.coyote.AbstractProtocol.stop 프로토콜 핸들러 ["http-nio-8080"]을(를) 중지시킵니다.
21-Nov-2024 16:21:44.744 정보 [Thread-1] org.apache.coyote.AbstractProtocol.destroy 프로토콜 핸들러 ["http-nio-8080"]을(를) 소멸시킵니다.
21-Nov-2024 16:21:51.150 정보 [main] org.apache.catalina.startup.VersionLoggerListener.log 서버 버전 이름:    Apache Tomcat/10.1.33
21-Nov-2024 16:21:51.155 정보 [main] org.apache.catalina.startup.VersionLoggerListener.log Server 빌드 시각:  Nov 7 2024 22:28:55 UTC
21-Nov-2024 16:21:51.155 정보 [main] org.apache.catalina.startup.VersionLoggerListener.log Server 버전 번호:  10.1.33.0
21-Nov-2024 16:21:51.155 정보 [main] org.apache.catalina.startup.VersionLoggerListener.log 운영체제 이름:     Windows 11
21-Nov-2024 16:21:51.155 정보 [main] org.apache.catalina.startup.VersionLoggerListener.log 운영체제 버전:     10.0
21-Nov-2024 16:21:51.156 정보 [main] org.apache.catalina.startup.VersionLoggerListener.log 아키텍처:          amd64
21-Nov-2024 16:21:51.156 정보 [main] org.apache.catalina.startup.VersionLoggerListener.log 자바 홈:           C:\Users\choi9\.jdks\corretto-17.0.13
21-Nov-2024 16:21:51.156 정보 [main] org.apache.catalina.startup.VersionLoggerListener.log JVM 버전:          17.0.13+11-LTS
21-Nov-2024 16:21:51.156 정보 [main] org.apache.catalina.startup.VersionLoggerListener.log JVM 벤더:          Amazon.com Inc.
21-Nov-2024 16:21:51.156 정보 [main] org.apache.catalina.startup.VersionLoggerListener.log CATALINA_BASE:     C:\Work\jsp_project\jsp_board
21-Nov-2024 16:21:51.156 정보 [main] org.apache.catalina.startup.VersionLoggerListener.log CATALINA_HOME:     C:\Work\apache-tomcat-10.1.33
21-Nov-2024 16:21:51.162 정보 [main] org.apache.catalina.startup.VersionLoggerListener.log 명령 행 아규먼트:  --add-opens=java.base/java.lang=ALL-UNNAMED
21-Nov-2024 16:21:51.162 정보 [main] org.apache.catalina.startup.VersionLoggerListener.log 명령 행 아규먼트:  --add-opens=java.base/java.io=ALL-UNNAMED
21-Nov-2024 16:21:51.163 정보 [main] org.apache.catalina.startup.VersionLoggerListener.log 명령 행 아규먼트:  --add-opens=java.base/java.util=ALL-UNNAMED
21-Nov-2024 16:21:51.163 정보 [main] org.apache.catalina.startup.VersionLoggerListener.log 명령 행 아규먼트:  --add-opens=java.base/java.util.concurrent=ALL-UNNAMED
21-Nov-2024 16:21:51.163 정보 [main] org.apache.catalina.startup.VersionLoggerListener.log 명령 행 아규먼트:  --add-opens=java.rmi/sun.rmi.transport=ALL-UNNAMED
21-Nov-2024 16:21:51.163 정보 [main] org.apache.catalina.startup.VersionLoggerListener.log 명령 행 아규먼트:  -Dcatalina.home=C:\Work\apache-tomcat-10.1.33
21-Nov-2024 16:21:51.163 정보 [main] org.apache.catalina.startup.VersionLoggerListener.log 명령 행 아규먼트:  -Dcatalina.base=C:\Work\jsp_project\jsp_board
21-Nov-2024 16:21:51.163 정보 [main] org.apache.catalina.startup.VersionLoggerListener.log 명령 행 아규먼트:  -Djava.io.tmpdir=C:\Work\jsp_project\jsp_board\temp
21-Nov-2024 16:21:51.163 정보 [main] org.apache.catalina.startup.VersionLoggerListener.log 명령 행 아규먼트:  -Djava.util.logging.config.file=C:\Work\jsp_project\jsp_board\conf\logging.properties
21-Nov-2024 16:21:51.163 정보 [main] org.apache.catalina.startup.VersionLoggerListener.log 명령 행 아규먼트:  -Djava.util.logging.manager=org.apache.juli.ClassLoaderLogManager
21-Nov-2024 16:21:51.163 정보 [main] org.apache.catalina.startup.VersionLoggerListener.log 명령 행 아규먼트:  -javaagent:C:\Program Files\JetBrains\IntelliJ IDEA Community Edition 2024.1.5\lib\idea_rt.jar=52651:C:\Program Files\JetBrains\IntelliJ IDEA Community Edition 2024.1.5\bin
21-Nov-2024 16:21:51.163 정보 [main] org.apache.catalina.startup.VersionLoggerListener.log 명령 행 아규먼트:  -Dfile.encoding=UTF-8
21-Nov-2024 16:21:51.165 정보 [main] org.apache.catalina.core.AprLifecycleListener.lifecycleEvent APR 버전 [1.7.4]을(를) 사용한, APR 기반 Apache Tomcat Native 라이브러리 [2.0.8]을(를) 로드했습니다.
21-Nov-2024 16:21:51.171 정보 [main] org.apache.catalina.core.AprLifecycleListener.initializeSSL OpenSSL이 성공적으로 초기화되었습니다: [OpenSSL 3.0.14 4 Jun 2024]
21-Nov-2024 16:21:51.343 정보 [main] org.apache.coyote.AbstractProtocol.init 프로토콜 핸들러 ["http-nio-8080"]을(를) 초기화합니다.
21-Nov-2024 16:21:51.356 정보 [main] org.apache.catalina.startup.Catalina.load [356] 밀리초 내에 서버가 초기화되었습니다.
21-Nov-2024 16:21:51.391 정보 [main] org.apache.catalina.core.StandardService.startInternal 서비스 [Catalina]을(를) 시작합니다.
21-Nov-2024 16:21:51.393 정보 [main] org.apache.catalina.core.StandardEngine.startInternal 서버 엔진을 시작합니다: [Apache Tomcat/10.1.33]
21-Nov-2024 16:21:51.403 정보 [main] org.apache.catalina.startup.HostConfig.deployDescriptor 배치 descriptor [C:\Work\jsp_project\jsp_board\conf\Catalina\localhost\ROOT.xml]을(를) 배치합니다.
21-Nov-2024 16:21:51.716 정보 [main] org.apache.catalina.startup.HostConfig.deployDescriptor 배치 descriptor [C:\Work\jsp_project\jsp_board\conf\Catalina\localhost\ROOT.xml]의 배치가 [311] 밀리초 내에 완료되었습니다.
21-Nov-2024 16:21:51.721 정보 [main] org.apache.coyote.AbstractProtocol.start 프로토콜 핸들러 ["http-nio-8080"]을(를) 시작합니다.
21-Nov-2024 16:21:51.762 정보 [main] org.apache.catalina.startup.Catalina.start 서버가 [405] 밀리초 내에 시작되었습니다.
21-Nov-2024 16:23:16.546 정보 [Thread-1] org.apache.coyote.AbstractProtocol.pause 프로토콜 핸들러 ["http-nio-8080"]을(를) 일시 정지 중
21-Nov-2024 16:23:16.761 정보 [Thread-1] org.apache.catalina.core.StandardService.stopInternal 서비스 [Catalina]을(를) 중지시킵니다.
21-Nov-2024 16:23:16.767 정보 [Thread-1] org.apache.coyote.AbstractProtocol.stop 프로토콜 핸들러 ["http-nio-8080"]을(를) 중지시킵니다.
21-Nov-2024 16:23:16.770 정보 [Thread-1] org.apache.coyote.AbstractProtocol.destroy 프로토콜 핸들러 ["http-nio-8080"]을(를) 소멸시킵니다.
21-Nov-2024 16:23:17.682 정보 [main] org.apache.catalina.startup.VersionLoggerListener.log 서버 버전 이름:    Apache Tomcat/10.1.33
21-Nov-2024 16:23:17.685 정보 [main] org.apache.catalina.startup.VersionLoggerListener.log Server 빌드 시각:  Nov 7 2024 22:28:55 UTC
21-Nov-2024 16:23:17.685 정보 [main] org.apache.catalina.startup.VersionLoggerListener.log Server 버전 번호:  10.1.33.0
21-Nov-2024 16:23:17.685 정보 [main] org.apache.catalina.startup.VersionLoggerListener.log 운영체제 이름:     Windows 11
21-Nov-2024 16:23:17.686 정보 [main] org.apache.catalina.startup.VersionLoggerListener.log 운영체제 버전:     10.0
21-Nov-2024 16:23:17.686 정보 [main] org.apache.catalina.startup.VersionLoggerListener.log 아키텍처:          amd64
21-Nov-2024 16:23:17.686 정보 [main] org.apache.catalina.startup.VersionLoggerListener.log 자바 홈:           C:\Users\choi9\.jdks\corretto-17.0.13
21-Nov-2024 16:23:17.686 정보 [main] org.apache.catalina.startup.VersionLoggerListener.log JVM 버전:          17.0.13+11-LTS
21-Nov-2024 16:23:17.686 정보 [main] org.apache.catalina.startup.VersionLoggerListener.log JVM 벤더:          Amazon.com Inc.
21-Nov-2024 16:23:17.686 정보 [main] org.apache.catalina.startup.VersionLoggerListener.log CATALINA_BASE:     C:\Work\jsp_project\jsp_board
21-Nov-2024 16:23:17.686 정보 [main] org.apache.catalina.startup.VersionLoggerListener.log CATALINA_HOME:     C:\Work\apache-tomcat-10.1.33
21-Nov-2024 16:23:17.693 정보 [main] org.apache.catalina.startup.VersionLoggerListener.log 명령 행 아규먼트:  --add-opens=java.base/java.lang=ALL-UNNAMED
21-Nov-2024 16:23:17.693 정보 [main] org.apache.catalina.startup.VersionLoggerListener.log 명령 행 아규먼트:  --add-opens=java.base/java.io=ALL-UNNAMED
21-Nov-2024 16:23:17.693 정보 [main] org.apache.catalina.startup.VersionLoggerListener.log 명령 행 아규먼트:  --add-opens=java.base/java.util=ALL-UNNAMED
21-Nov-2024 16:23:17.693 정보 [main] org.apache.catalina.startup.VersionLoggerListener.log 명령 행 아규먼트:  --add-opens=java.base/java.util.concurrent=ALL-UNNAMED
21-Nov-2024 16:23:17.693 정보 [main] org.apache.catalina.startup.VersionLoggerListener.log 명령 행 아규먼트:  --add-opens=java.rmi/sun.rmi.transport=ALL-UNNAMED
21-Nov-2024 16:23:17.693 정보 [main] org.apache.catalina.startup.VersionLoggerListener.log 명령 행 아규먼트:  -Dcatalina.home=C:\Work\apache-tomcat-10.1.33
21-Nov-2024 16:23:17.693 정보 [main] org.apache.catalina.startup.VersionLoggerListener.log 명령 행 아규먼트:  -Dcatalina.base=C:\Work\jsp_project\jsp_board
21-Nov-2024 16:23:17.693 정보 [main] org.apache.catalina.startup.VersionLoggerListener.log 명령 행 아규먼트:  -Djava.io.tmpdir=C:\Work\jsp_project\jsp_board\temp
21-Nov-2024 16:23:17.693 정보 [main] org.apache.catalina.startup.VersionLoggerListener.log 명령 행 아규먼트:  -Djava.util.logging.config.file=C:\Work\jsp_project\jsp_board\conf\logging.properties
21-Nov-2024 16:23:17.693 정보 [main] org.apache.catalina.startup.VersionLoggerListener.log 명령 행 아규먼트:  -Djava.util.logging.manager=org.apache.juli.ClassLoaderLogManager
21-Nov-2024 16:23:17.693 정보 [main] org.apache.catalina.startup.VersionLoggerListener.log 명령 행 아규먼트:  -javaagent:C:\Program Files\JetBrains\IntelliJ IDEA Community Edition 2024.1.5\lib\idea_rt.jar=52701:C:\Program Files\JetBrains\IntelliJ IDEA Community Edition 2024.1.5\bin
21-Nov-2024 16:23:17.693 정보 [main] org.apache.catalina.startup.VersionLoggerListener.log 명령 행 아규먼트:  -Dfile.encoding=UTF-8
21-Nov-2024 16:23:17.695 정보 [main] org.apache.catalina.core.AprLifecycleListener.lifecycleEvent APR 버전 [1.7.4]을(를) 사용한, APR 기반 Apache Tomcat Native 라이브러리 [2.0.8]을(를) 로드했습니다.
21-Nov-2024 16:23:17.701 정보 [main] org.apache.catalina.core.AprLifecycleListener.initializeSSL OpenSSL이 성공적으로 초기화되었습니다: [OpenSSL 3.0.14 4 Jun 2024]
21-Nov-2024 16:23:17.911 정보 [main] org.apache.coyote.AbstractProtocol.init 프로토콜 핸들러 ["http-nio-8080"]을(를) 초기화합니다.
21-Nov-2024 16:23:17.926 정보 [main] org.apache.catalina.startup.Catalina.load [400] 밀리초 내에 서버가 초기화되었습니다.
21-Nov-2024 16:23:17.966 정보 [main] org.apache.catalina.core.StandardService.startInternal 서비스 [Catalina]을(를) 시작합니다.
21-Nov-2024 16:23:17.966 정보 [main] org.apache.catalina.core.StandardEngine.startInternal 서버 엔진을 시작합니다: [Apache Tomcat/10.1.33]
21-Nov-2024 16:23:17.978 정보 [main] org.apache.catalina.startup.HostConfig.deployDescriptor 배치 descriptor [C:\Work\jsp_project\jsp_board\conf\Catalina\localhost\ROOT.xml]을(를) 배치합니다.
21-Nov-2024 16:23:18.328 정보 [main] org.apache.catalina.startup.HostConfig.deployDescriptor 배치 descriptor [C:\Work\jsp_project\jsp_board\conf\Catalina\localhost\ROOT.xml]의 배치가 [349] 밀리초 내에 완료되었습니다.
21-Nov-2024 16:23:18.331 정보 [main] org.apache.coyote.AbstractProtocol.start 프로토콜 핸들러 ["http-nio-8080"]을(를) 시작합니다.
21-Nov-2024 16:23:18.374 정보 [main] org.apache.catalina.startup.Catalina.start 서버가 [447] 밀리초 내에 시작되었습니다.
21-Nov-2024 16:26:39.033 정보 [Thread-1] org.apache.coyote.AbstractProtocol.pause 프로토콜 핸들러 ["http-nio-8080"]을(를) 일시 정지 중
21-Nov-2024 16:26:39.246 정보 [Thread-1] org.apache.catalina.core.StandardService.stopInternal 서비스 [Catalina]을(를) 중지시킵니다.
21-Nov-2024 16:26:39.252 정보 [Thread-1] org.apache.coyote.AbstractProtocol.stop 프로토콜 핸들러 ["http-nio-8080"]을(를) 중지시킵니다.
21-Nov-2024 16:26:39.254 정보 [Thread-1] org.apache.coyote.AbstractProtocol.destroy 프로토콜 핸들러 ["http-nio-8080"]을(를) 소멸시킵니다.
